TN:
SF:src/domain/@shared/event/event-dispatcher.ts
FN:5,<instance_members_initializer>
FN:8,get getEventHandlers
FN:13,register
FN:20,unregister
FN:29,unregisterAll
FN:33,notify
FNF:6
FNH:6
FNDA:6,<instance_members_initializer>
FNDA:12,get getEventHandlers
FNDA:7,register
FNDA:1,unregister
FNDA:1,unregisterAll
FNDA:3,notify
DA:1,1
DA:2,1
DA:3,1
DA:4,1
DA:5,1
DA:6,6
DA:7,6
DA:8,6
DA:9,12
DA:10,12
DA:11,6
DA:12,6
DA:13,6
DA:14,7
DA:15,6
DA:16,6
DA:17,7
DA:18,7
DA:19,6
DA:20,6
DA:21,1
DA:22,1
DA:23,1
DA:24,1
DA:25,1
DA:26,1
DA:27,1
DA:28,6
DA:29,6
DA:30,1
DA:31,1
DA:32,6
DA:33,6
DA:34,3
DA:35,3
DA:36,3
DA:37,4
DA:38,4
DA:39,3
DA:40,3
DA:41,6
LF:41
LH:41
BRDA:5,0,0,6
BRDA:8,1,0,12
BRDA:13,2,0,7
BRDA:14,3,0,6
BRDA:20,4,0,1
BRDA:29,5,0,1
BRDA:33,6,0,3
BRDA:36,7,0,4
BRF:8
BRH:8
end_of_record
TN:
SF:src/domain/checkout/entity/order.ts
FN:2,<instance_members_initializer>
FN:8,Order
FN:16,get id
FN:20,get customerId
FN:24,get items
FN:28,validate
FN:46,total
FN:50,addItem
FNF:8
FNH:8
FNDA:8,<instance_members_initializer>
FNDA:8,Order
FNDA:14,get id
FNDA:8,get customerId
FNDA:6,get items
FNDA:8,validate
FNDA:20,total
FNDA:1,addItem
DA:1,1
DA:2,1
DA:3,8
DA:4,8
DA:5,8
DA:6,8
DA:7,8
DA:8,8
DA:9,8
DA:10,8
DA:11,8
DA:12,8
DA:13,8
DA:14,8
DA:15,8
DA:16,8
DA:17,14
DA:18,14
DA:19,8
DA:20,8
DA:21,8
DA:22,8
DA:23,8
DA:24,8
DA:25,6
DA:26,6
DA:27,8
DA:28,8
DA:29,8
DA:30,0
DA:31,0
DA:32,8
DA:33,0
DA:34,0
DA:35,8
DA:36,0
DA:37,0
DA:38,8
DA:39,8
DA:40,0
DA:41,0
DA:42,8
DA:43,8
DA:44,8
DA:45,8
DA:46,8
DA:47,20
DA:48,20
DA:49,8
DA:50,8
DA:51,1
DA:52,1
DA:53,8
LF:53
LH:45
BRDA:2,0,0,8
BRDA:8,1,0,8
BRDA:16,2,0,14
BRDA:20,3,0,8
BRDA:24,4,0,6
BRDA:28,5,0,8
BRDA:29,6,0,0
BRDA:32,7,0,0
BRDA:35,8,0,0
BRDA:39,9,0,0
BRDA:39,10,0,8
BRDA:46,11,0,20
BRDA:47,12,0,21
BRDA:50,13,0,1
BRF:14
BRH:10
end_of_record
TN:
SF:src/domain/checkout/entity/order_item.ts
FN:1,<instance_members_initializer>
FN:9,OrderItem
FN:24,get id
FN:28,get name
FN:32,get productId
FN:36,get quantity
FN:40,get price
FN:44,total
FNF:8
FNH:8
FNDA:9,<instance_members_initializer>
FNDA:9,OrderItem
FNDA:9,get id
FNDA:9,get name
FNDA:8,get productId
FNDA:17,get quantity
FNDA:9,get price
FNDA:30,total
DA:1,1
DA:2,9
DA:3,9
DA:4,9
DA:5,9
DA:6,9
DA:7,9
DA:8,9
DA:9,9
DA:10,9
DA:11,9
DA:12,9
DA:13,9
DA:14,9
DA:15,9
DA:16,9
DA:17,9
DA:18,9
DA:19,9
DA:20,9
DA:21,9
DA:22,9
DA:23,9
DA:24,9
DA:25,9
DA:26,9
DA:27,9
DA:28,9
DA:29,9
DA:30,9
DA:31,9
DA:32,9
DA:33,8
DA:34,8
DA:35,9
DA:36,9
DA:37,17
DA:38,17
DA:39,9
DA:40,9
DA:41,9
DA:42,9
DA:43,9
DA:44,9
DA:45,30
DA:46,30
DA:47,9
LF:47
LH:47
BRDA:1,0,0,9
BRDA:9,1,0,9
BRDA:24,2,0,9
BRDA:28,3,0,9
BRDA:32,4,0,8
BRDA:36,5,0,17
BRDA:40,6,0,9
BRDA:44,7,0,30
BRF:8
BRH:8
end_of_record
TN:
SF:src/domain/checkout/factory/order.factory.ts
FN:17,create
FNF:1
FNH:1
FNDA:1,create
DA:1,1
DA:2,1
DA:3,1
DA:4,1
DA:5,1
DA:6,1
DA:7,1
DA:8,1
DA:9,1
DA:10,1
DA:11,1
DA:12,1
DA:13,1
DA:14,1
DA:15,1
DA:16,1
DA:17,1
DA:18,1
DA:19,1
DA:20,1
DA:21,1
DA:22,1
DA:23,1
DA:24,1
DA:25,1
DA:26,1
DA:27,1
DA:28,1
DA:29,1
DA:30,1
DA:31,1
LF:31
LH:31
BRDA:17,0,0,1
BRDA:18,1,0,1
BRF:2
BRH:2
end_of_record
TN:
SF:src/domain/checkout/service/order.service.ts
FN:7,placeOrder
FN:16,total
FNF:2
FNH:2
FNDA:1,placeOrder
FNDA:1,total
DA:1,1
DA:2,1
DA:3,1
DA:4,1
DA:5,1
DA:6,1
DA:7,1
DA:8,1
DA:9,0
DA:10,0
DA:11,1
DA:12,1
DA:13,1
DA:14,1
DA:15,1
DA:16,1
DA:17,1
DA:18,1
DA:19,1
LF:19
LH:17
BRDA:7,0,0,1
BRDA:8,1,0,0
BRDA:16,2,0,1
BRDA:17,3,0,2
BRF:4
BRH:3
end_of_record
TN:
SF:src/domain/customer/entity/customer.ts
FN:6,<instance_members_initializer>
FN:14,Customer
FN:20,get id
FN:24,get name
FN:28,get rewardPoints
FN:32,validate
FN:41,changeName
FN:46,get Address
FN:50,get OldAddress
FN:54,changeAddress
FN:59,isActive
FN:63,activate
FN:70,deactivate
FN:74,addRewardPoints
FN:78,set Address
FNF:15
FNH:15
FNDA:21,<instance_members_initializer>
FNDA:21,Customer
FNDA:13,get id
FNDA:14,get name
FNDA:15,get rewardPoints
FNDA:23,validate
FNDA:2,changeName
FNDA:40,get Address
FNDA:1,get OldAddress
FNDA:7,changeAddress
FNDA:13,isActive
FNDA:4,activate
FNDA:1,deactivate
FNDA:7,addRewardPoints
FNDA:7,set Address
DA:1,1
DA:2,1
DA:3,1
DA:4,1
DA:5,1
DA:6,1
DA:7,21
DA:8,21
DA:9,21
DA:10,21
DA:11,21
DA:12,21
DA:13,21
DA:14,21
DA:15,21
DA:16,21
DA:17,21
DA:18,21
DA:19,21
DA:20,21
DA:21,13
DA:22,13
DA:23,21
DA:24,21
DA:25,14
DA:26,14
DA:27,21
DA:28,21
DA:29,15
DA:30,15
DA:31,21
DA:32,21
DA:33,23
DA:34,1
DA:35,1
DA:36,23
DA:37,1
DA:38,1
DA:39,23
DA:40,21
DA:41,21
DA:42,2
DA:43,2
DA:44,2
DA:45,21
DA:46,21
DA:47,40
DA:48,40
DA:49,21
DA:50,21
DA:51,1
DA:52,1
DA:53,21
DA:54,21
DA:55,7
DA:56,7
DA:57,7
DA:58,21
DA:59,21
DA:60,13
DA:61,13
DA:62,21
DA:63,21
DA:64,4
DA:65,1
DA:66,1
DA:67,3
DA:68,3
DA:69,21
DA:70,21
DA:71,1
DA:72,1
DA:73,21
DA:74,21
DA:75,7
DA:76,7
DA:77,21
DA:78,21
DA:79,7
DA:80,7
DA:81,7
DA:82,21
LF:82
LH:82
BRDA:6,0,0,21
BRDA:14,1,0,21
BRDA:20,2,0,13
BRDA:24,3,0,14
BRDA:28,4,0,15
BRDA:32,5,0,23
BRDA:33,6,0,1
BRDA:35,7,0,22
BRDA:36,8,0,1
BRDA:41,9,0,2
BRDA:46,10,0,40
BRDA:50,11,0,1
BRDA:54,12,0,7
BRDA:59,13,0,13
BRDA:63,14,0,4
BRDA:64,15,0,3
BRDA:64,16,0,1
BRDA:70,17,0,1
BRDA:74,18,0,7
BRDA:78,19,0,7
BRF:20
BRH:20
end_of_record
TN:
SF:src/domain/customer/event/customer-address-changed.event.ts
FN:4,<instance_members_initializer>
FN:8,CustomerAddressChangedEvent
FNF:2
FNH:2
FNDA:1,<instance_members_initializer>
FNDA:1,CustomerAddressChangedEvent
DA:1,1
DA:2,1
DA:3,1
DA:4,1
DA:5,1
DA:6,1
DA:7,1
DA:8,1
DA:9,1
DA:10,1
DA:11,1
DA:12,1
LF:12
LH:12
BRDA:4,0,0,1
BRDA:8,1,0,1
BRF:2
BRH:2
end_of_record
TN:
SF:src/domain/customer/event/customer-created.event.ts
FN:4,<instance_members_initializer>
FN:8,CustomerCreatedEvent
FNF:2
FNH:2
FNDA:1,<instance_members_initializer>
FNDA:1,CustomerCreatedEvent
DA:1,1
DA:2,1
DA:3,1
DA:4,1
DA:5,1
DA:6,1
DA:7,1
DA:8,1
DA:9,1
DA:10,1
DA:11,1
DA:12,1
LF:12
LH:12
BRDA:4,0,0,1
BRDA:8,1,0,1
BRF:2
BRH:2
end_of_record
TN:
SF:src/domain/customer/event/handler/enviar-console-log.handler.ts
FN:6,handle
FNF:1
FNH:1
FNDA:1,handle
DA:1,1
DA:2,1
DA:3,1
DA:4,1
DA:5,1
DA:6,1
DA:7,1
DA:8,1
DA:9,1
DA:10,1
DA:11,1
DA:12,1
DA:13,1
LF:13
LH:13
BRDA:6,0,0,1
BRDA:7,1,0,0
BRF:2
BRH:1
end_of_record
TN:
SF:src/domain/customer/event/handler/enviar-console-log1.handler.ts
FN:6,handle
FNF:1
FNH:1
FNDA:1,handle
DA:1,1
DA:2,1
DA:3,1
DA:4,1
DA:5,1
DA:6,1
DA:7,1
DA:8,1
DA:9,1
DA:10,1
LF:10
LH:10
BRDA:6,0,0,1
BRF:1
BRH:1
end_of_record
TN:
SF:src/domain/customer/event/handler/enviar-console-log2.handler.ts
FN:6,handle
FNF:1
FNH:1
FNDA:1,handle
DA:1,1
DA:2,1
DA:3,1
DA:4,1
DA:5,1
DA:6,1
DA:7,1
DA:8,1
DA:9,1
DA:10,1
LF:10
LH:10
BRDA:6,0,0,1
BRF:1
BRH:1
end_of_record
TN:
SF:src/domain/customer/factory/customer.factory.ts
FN:6,create
FN:10,createWithAddress
FNF:2
FNH:2
FNDA:1,create
FNDA:1,createWithAddress
DA:1,1
DA:2,1
DA:3,1
DA:4,1
DA:5,1
DA:6,1
DA:7,1
DA:8,1
DA:9,1
DA:10,1
DA:11,1
DA:12,1
DA:13,1
DA:14,1
DA:15,1
LF:15
LH:15
BRDA:6,0,0,1
BRDA:10,1,0,1
BRF:2
BRH:2
end_of_record
TN:
SF:src/domain/customer/value-object/address.ts
FN:1,<instance_members_initializer>
FN:7,Address
FN:16,get street
FN:20,get number
FN:24,get zip
FN:28,get city
FN:32,validate
FN:47,toString
FNF:8
FNH:8
FNDA:14,<instance_members_initializer>
FNDA:14,Address
FNDA:11,get street
FNDA:11,get number
FNDA:11,get zip
FNDA:11,get city
FNDA:14,validate
FNDA:1,toString
DA:1,1
DA:2,14
DA:3,14
DA:4,14
DA:5,14
DA:6,14
DA:7,14
DA:8,14
DA:9,14
DA:10,14
DA:11,14
DA:12,14
DA:13,14
DA:14,14
DA:15,14
DA:16,14
DA:17,11
DA:18,11
DA:19,14
DA:20,14
DA:21,11
DA:22,11
DA:23,14
DA:24,14
DA:25,11
DA:26,11
DA:27,14
DA:28,14
DA:29,11
DA:30,11
DA:31,14
DA:32,14
DA:33,14
DA:34,0
DA:35,0
DA:36,14
DA:37,0
DA:38,0
DA:39,14
DA:40,0
DA:41,0
DA:42,14
DA:43,0
DA:44,0
DA:45,14
DA:46,14
DA:47,14
DA:48,1
DA:49,1
DA:50,14
LF:50
LH:42
BRDA:1,0,0,14
BRDA:7,1,0,14
BRDA:16,2,0,11
BRDA:20,3,0,11
BRDA:24,4,0,11
BRDA:28,5,0,11
BRDA:32,6,0,14
BRDA:33,7,0,0
BRDA:36,8,0,0
BRDA:39,9,0,0
BRDA:42,10,0,0
BRDA:47,11,0,1
BRF:12
BRH:8
end_of_record
TN:
SF:src/domain/product/entity/product-b.ts
FN:3,<instance_members_initializer>
FN:8,ProductB
FN:15,get id
FN:19,get name
FN:23,get price
FN:27,changeName
FN:32,changePrice
FN:37,validate
FNF:8
FNH:6
FNDA:1,<instance_members_initializer>
FNDA:1,ProductB
FNDA:1,get id
FNDA:1,get name
FNDA:1,get price
FNDA:0,changeName
FNDA:0,changePrice
FNDA:1,validate
DA:1,1
DA:2,1
DA:3,1
DA:4,1
DA:5,1
DA:6,1
DA:7,1
DA:8,1
DA:9,1
DA:10,1
DA:11,1
DA:12,1
DA:13,1
DA:14,1
DA:15,1
DA:16,1
DA:17,1
DA:18,1
DA:19,1
DA:20,1
DA:21,1
DA:22,1
DA:23,1
DA:24,1
DA:25,1
DA:26,1
DA:27,1
DA:28,0
DA:29,0
DA:30,0
DA:31,1
DA:32,1
DA:33,0
DA:34,0
DA:35,0
DA:36,1
DA:37,1
DA:38,1
DA:39,0
DA:40,0
DA:41,1
DA:42,0
DA:43,0
DA:44,1
DA:45,0
DA:46,0
DA:47,1
DA:48,1
DA:49,1
LF:49
LH:37
BRDA:3,0,0,1
BRDA:8,1,0,1
BRDA:15,2,0,1
BRDA:19,3,0,1
BRDA:23,4,0,1
BRDA:37,5,0,1
BRDA:38,6,0,0
BRDA:41,7,0,0
BRDA:44,8,0,0
BRF:9
BRH:6
end_of_record
TN:
SF:src/domain/product/entity/product.ts
FN:3,<instance_members_initializer>
FN:8,Product
FN:15,get id
FN:19,get name
FN:23,get price
FN:27,changeName
FN:32,changePrice
FN:37,validate
FNF:8
FNH:8
FNDA:16,<instance_members_initializer>
FNDA:16,Product
FNDA:18,get id
FNDA:18,get name
FNDA:24,get price
FNDA:2,changeName
FNDA:4,changePrice
FNDA:20,validate
DA:1,1
DA:2,1
DA:3,1
DA:4,16
DA:5,16
DA:6,16
DA:7,16
DA:8,16
DA:9,16
DA:10,16
DA:11,16
DA:12,16
DA:13,16
DA:14,16
DA:15,16
DA:16,18
DA:17,18
DA:18,16
DA:19,16
DA:20,18
DA:21,18
DA:22,16
DA:23,16
DA:24,24
DA:25,24
DA:26,16
DA:27,16
DA:28,2
DA:29,2
DA:30,2
DA:31,16
DA:32,16
DA:33,4
DA:34,4
DA:35,4
DA:36,16
DA:37,16
DA:38,20
DA:39,0
DA:40,0
DA:41,20
DA:42,0
DA:43,0
DA:44,20
DA:45,0
DA:46,0
DA:47,20
DA:48,20
DA:49,16
LF:49
LH:43
BRDA:3,0,0,16
BRDA:8,1,0,16
BRDA:15,2,0,18
BRDA:19,3,0,18
BRDA:23,4,0,24
BRDA:27,5,0,2
BRDA:32,6,0,4
BRDA:37,7,0,20
BRDA:38,8,0,0
BRDA:41,9,0,0
BRDA:44,10,0,0
BRF:11
BRH:8
end_of_record
TN:
SF:src/domain/product/event/product-created.event.ts
FN:3,<instance_members_initializer>
FN:6,ProductCreatedEvent
FNF:2
FNH:2
FNDA:1,<instance_members_initializer>
FNDA:1,ProductCreatedEvent
DA:1,1
DA:2,1
DA:3,1
DA:4,1
DA:5,1
DA:6,1
DA:7,1
DA:8,1
DA:9,1
DA:10,1
LF:10
LH:10
BRDA:3,0,0,1
BRDA:6,1,0,1
BRF:2
BRH:2
end_of_record
TN:
SF:src/domain/product/event/handler/send-email-when-product-is-created.handler.ts
FN:7,handle
FNF:1
FNH:1
FNDA:1,handle
DA:1,1
DA:2,1
DA:3,1
DA:4,1
DA:5,1
DA:6,1
DA:7,1
DA:8,1
DA:9,1
DA:10,1
LF:10
LH:10
BRDA:7,0,0,1
BRF:1
BRH:1
end_of_record
TN:
SF:src/domain/product/factory/product.factory.ts
FN:7,create
FNF:1
FNH:1
FNDA:3,create
DA:1,1
DA:2,1
DA:3,1
DA:4,1
DA:5,1
DA:6,1
DA:7,1
DA:8,3
DA:9,3
DA:10,3
DA:11,3
DA:12,3
DA:13,3
DA:14,1
DA:15,3
DA:16,1
DA:17,3
DA:18,1
DA:19,3
DA:20,3
DA:21,1
LF:21
LH:21
BRDA:7,0,0,3
BRDA:13,1,0,1
BRDA:15,2,0,1
BRDA:17,3,0,1
BRF:4
BRH:4
end_of_record
TN:
SF:src/domain/product/service/product.service.ts
FN:4,increasePrice
FNF:1
FNH:1
FNDA:1,increasePrice
DA:1,1
DA:2,1
DA:3,1
DA:4,1
DA:5,1
DA:6,2
DA:7,2
DA:8,1
DA:9,1
DA:10,1
LF:10
LH:10
BRDA:4,0,0,1
BRDA:5,1,0,2
BRF:2
BRH:2
end_of_record
TN:
SF:src/infrastructure/customer/repository/sequelize/customer.model.ts
FNF:0
FNH:0
DA:1,1
DA:2,1
DA:3,1
DA:4,1
DA:5,1
DA:6,1
DA:7,1
DA:8,1
DA:9,1
DA:10,1
DA:11,1
DA:12,1
DA:13,1
DA:14,1
DA:15,1
DA:16,1
DA:17,1
DA:18,1
DA:19,1
DA:20,1
DA:21,1
DA:22,1
DA:23,1
DA:24,1
DA:25,1
DA:26,1
DA:27,1
DA:28,1
DA:29,1
DA:30,1
DA:31,1
DA:32,1
DA:33,1
DA:34,1
DA:35,1
DA:36,1
DA:37,1
LF:37
LH:37
BRF:0
BRH:0
end_of_record
TN:
SF:src/infrastructure/customer/repository/sequelize/customer.repository.ts
FN:7,create
FN:20,update
FN:39,find
FN:63,findAll
FNF:4
FNH:4
FNDA:8,create
FNDA:1,update
FNDA:2,find
FNDA:1,findAll
DA:1,1
DA:2,1
DA:3,1
DA:4,1
DA:5,1
DA:6,1
DA:7,1
DA:8,8
DA:9,8
DA:10,8
DA:11,8
DA:12,8
DA:13,8
DA:14,8
DA:15,8
DA:16,8
DA:17,8
DA:18,8
DA:19,1
DA:20,1
DA:21,1
DA:22,1
DA:23,1
DA:24,1
DA:25,1
DA:26,1
DA:27,1
DA:28,1
DA:29,1
DA:30,1
DA:31,1
DA:32,1
DA:33,1
DA:34,1
DA:35,1
DA:36,1
DA:37,1
DA:38,1
DA:39,1
DA:40,2
DA:41,2
DA:42,2
DA:43,2
DA:44,2
DA:45,2
DA:46,2
DA:47,2
DA:48,1
DA:49,1
DA:50,1
DA:51,1
DA:52,1
DA:53,1
DA:54,1
DA:55,1
DA:56,1
DA:57,1
DA:58,1
DA:59,1
DA:60,1
DA:61,1
DA:62,1
DA:63,1
DA:64,1
DA:65,1
DA:66,1
DA:67,2
DA:68,2
DA:69,2
DA:70,2
DA:71,2
DA:72,2
DA:73,2
DA:74,2
DA:75,2
DA:76,2
DA:77,1
DA:78,1
DA:79,2
DA:80,2
DA:81,1
DA:82,1
DA:83,1
DA:84,1
LF:84
LH:84
BRDA:7,0,0,8
BRDA:20,1,0,1
BRDA:39,2,0,2
BRDA:47,3,0,1
BRDA:63,4,0,1
BRDA:66,5,0,2
BRDA:76,6,0,1
BRF:7
BRH:7
end_of_record
TN:
SF:src/infrastructure/order/repository/sequilize/order-item.model.ts
FNF:0
FNH:0
DA:1,1
DA:2,1
DA:3,1
DA:4,1
DA:5,1
DA:6,1
DA:7,1
DA:8,1
DA:9,1
DA:10,1
DA:11,1
DA:12,1
DA:13,1
DA:14,1
DA:15,1
DA:16,1
DA:17,1
DA:18,1
DA:19,1
DA:20,1
DA:21,1
DA:22,1
DA:23,1
DA:24,1
DA:25,1
DA:26,1
DA:27,1
DA:28,1
DA:29,1
DA:30,1
DA:31,1
DA:32,1
DA:33,1
DA:34,1
DA:35,1
DA:36,1
DA:37,1
DA:38,1
DA:39,1
DA:40,1
DA:41,1
DA:42,1
DA:43,1
DA:44,1
LF:44
LH:44
BRDA:27,0,0,0
BRDA:34,1,0,0
BRDA:22,2,0,15
BRDA:26,3,0,6
BRDA:29,4,0,6
BRDA:33,5,0,6
BRF:6
BRH:4
end_of_record
TN:
SF:src/infrastructure/order/repository/sequilize/order.model.ts
FNF:0
FNH:0
DA:1,1
DA:2,1
DA:3,1
DA:4,1
DA:5,1
DA:6,1
DA:7,1
DA:8,1
DA:9,1
DA:10,1
DA:11,1
DA:12,1
DA:13,1
DA:14,1
DA:15,1
DA:16,1
DA:17,1
DA:18,1
DA:19,1
DA:20,1
DA:21,1
DA:22,1
DA:23,1
DA:24,1
DA:25,1
DA:26,1
DA:27,1
DA:28,1
DA:29,1
DA:30,1
DA:31,1
DA:32,1
DA:33,1
DA:34,1
LF:34
LH:34
BRDA:27,0,0,0
BRDA:22,1,0,3
BRDA:26,2,0,10
BRDA:29,3,0,10
BRF:4
BRH:3
end_of_record
TN:
SF:src/infrastructure/order/repository/sequilize/order.repository.ts
FN:9,updateItems
FN:26,update
FN:40,find
FN:48,findAll
FN:57,create
FNF:5
FNH:5
FNDA:1,updateItems
FNDA:1,update
FNDA:2,find
FNDA:1,findAll
FNDA:4,create
DA:1,1
DA:2,1
DA:3,1
DA:4,1
DA:5,1
DA:6,1
DA:7,1
DA:8,1
DA:9,1
DA:10,1
DA:11,1
DA:12,1
DA:13,1
DA:14,1
DA:15,1
DA:16,2
DA:17,2
DA:18,2
DA:19,2
DA:20,2
DA:21,2
DA:22,2
DA:23,2
DA:24,2
DA:25,1
DA:26,1
DA:27,1
DA:28,1
DA:29,1
DA:30,1
DA:31,1
DA:32,1
DA:33,1
DA:34,1
DA:35,1
DA:36,1
DA:37,1
DA:38,1
DA:39,1
DA:40,1
DA:41,2
DA:42,2
DA:43,2
DA:44,2
DA:45,2
DA:46,2
DA:47,2
DA:48,1
DA:49,1
DA:50,1
DA:51,1
DA:52,1
DA:53,1
DA:54,2
DA:55,2
DA:56,1
DA:57,1
DA:58,4
DA:59,4
DA:60,4
DA:61,4
DA:62,4
DA:63,4
DA:64,4
DA:65,4
DA:66,4
DA:67,4
DA:68,4
DA:69,4
DA:70,4
DA:71,4
DA:72,4
DA:73,4
DA:74,4
DA:75,4
DA:76,1
LF:76
LH:76
BRDA:9,0,0,1
BRDA:15,1,0,2
BRDA:26,2,0,1
BRDA:40,3,0,2
BRDA:48,4,0,1
BRDA:53,5,0,2
BRDA:57,6,0,4
BRDA:63,7,0,4
BRF:8
BRH:8
end_of_record
TN:
SF:src/infrastructure/product/repository/sequelize/product.model.ts
FNF:0
FNH:0
DA:1,1
DA:2,1
DA:3,1
DA:4,1
DA:5,1
DA:6,1
DA:7,1
DA:8,1
DA:9,1
DA:10,1
DA:11,1
DA:12,1
DA:13,1
DA:14,1
DA:15,1
DA:16,1
DA:17,1
LF:17
LH:17
BRF:0
BRH:0
end_of_record
TN:
SF:src/infrastructure/product/repository/sequelize/product.repository.ts
FN:6,create
FN:14,update
FN:28,find
FN:33,findAll
FNF:4
FNH:4
FNDA:10,create
FNDA:1,update
FNDA:1,find
FNDA:1,findAll
DA:1,1
DA:2,1
DA:3,1
DA:4,1
DA:5,1
DA:6,1
DA:7,10
DA:8,10
DA:9,10
DA:10,10
DA:11,10
DA:12,10
DA:13,1
DA:14,1
DA:15,1
DA:16,1
DA:17,1
DA:18,1
DA:19,1
DA:20,1
DA:21,1
DA:22,1
DA:23,1
DA:24,1
DA:25,1
DA:26,1
DA:27,1
DA:28,1
DA:29,1
DA:30,1
DA:31,1
DA:32,1
DA:33,1
DA:34,1
DA:35,1
DA:36,2
DA:37,1
DA:38,1
DA:39,1
LF:39
LH:39
BRDA:6,0,0,10
BRDA:14,1,0,1
BRDA:28,2,0,1
BRDA:33,3,0,1
BRDA:35,4,0,2
BRF:5
BRH:5
end_of_record
